Running Symbolic PathFinder ...
symbolic.dp=choco
symbolic.string_dp_timeout_ms=0
symbolic.string_dp=z3str
symbolic.choco_time_bound=30000
symbolic.max_pc_length=2147483647
symbolic.max_pc_msec=0
symbolic.bvlength=32
symbolic.min_int=-2147483648
symbolic.min_long=-9223372036854775808
symbolic.min_short=-32768
symbolic.min_byte=-128
symbolic.min_char=0
symbolic.max_int=2147483647
symbolic.max_long=9223372036854775807
symbolic.max_short=32767
symbolic.max_byte=127
symbolic.max_char=65535
symbolic.min_double=4.9E-324
symbolic.max_double=1.7976931348623157E308
JavaPathfinder core system v8.0 (rev 32+) - (C) 2005-2014 United States Government. All rights reserved.


====================================================== system under test
com.example.lab.testak_textinput.dummyMain.main()

====================================================== search started: 9/20/17 4:06 PM
New sym int savedInstanceState min=-2147483648, max=2147483647
ALOAD pcHeap: constraint # = 1
savedInstanceState = -1
New sym int et[-1] min=-2147483648, max=2147483647
string analysis: SPC # = 0
NPC constraint # = 0
Property Violated: PC is constraint # = 0
Property Violated: result is  "java.lang.NullPointerException: Calling 'getText()Ljava/lang/Object;' on null object..."
****************************

====================================================== error 1
gov.nasa.jpf.vm.NoUncaughtExceptionsProperty
java.lang.NullPointerException: Calling 'getText()Ljava/lang/Object;' on null object
	at com.example.lab.testak_textinput.MainActivity.onCreate(MainActivity.java:25)
	at com.example.lab.testak_textinput.dummyMain.main(dummyMain.java:9)


====================================================== snapshot #1
thread java.lang.Thread:{id:0,name:main,status:RUNNING,priority:5,isDaemon:false,lockCount:0,suspendCount:0}
  call stack:
	at com.example.lab.testak_textinput.MainActivity.onCreate(MainActivity.java:25)
	at com.example.lab.testak_textinput.dummyMain.main(dummyMain.java:9)

New sym int et[379] min=-2147483648, max=2147483647
New sym int et[379].content.length min=-2147483648, max=2147483647
string analysis: SPC # = 0
NPC constraint # = 0
*************Summary***************
PC is:constraint # = 0
New sym int CharAt(0)_0_ min=0, max=65535
numeric PC: constraint # = 1
CharAt(0)_0_ = 97 -> true

### PCs: total:1 sat:1 unsat:0

string analysis: SPC # = 0
NPC constraint # = 1
CharAt(0)_0_ = 97
numeric PC: constraint # = 1
CharAt(0)_0_ != 97 -> true

### PCs: total:2 sat:2 unsat:0

string analysis: SPC # = 0
NPC constraint # = 1
CharAt(0)_0_ != 97
numeric PC: constraint # = 1
CharAt(0)_0_ != 97 -> true

string analysis: SPC # = 0
NPC constraint # = 1
CharAt(0)_0_ != 97
Property Violated: PC is constraint # = 1
CharAt(0)_0_ != 97
Property Violated: result is  "java.lang.AssertionError..."
****************************

====================================================== error 2
gov.nasa.jpf.vm.NoUncaughtExceptionsProperty
java.lang.AssertionError
	at com.example.lab.testak_textinput.MainActivity$2.onClick(MainActivity.java:43)
	at com.example.lab.testak_textinput.dummyMain.main(dummyMain.java:11)


====================================================== snapshot #2
thread java.lang.Thread:{id:0,name:main,status:RUNNING,priority:5,isDaemon:false,lockCount:0,suspendCount:0}
  call stack:
	at com.example.lab.testak_textinput.MainActivity$2.onClick(MainActivity.java:43)
	at com.example.lab.testak_textinput.dummyMain.main(dummyMain.java:11)

New sym int savedInstanceState min=-2147483648, max=2147483647
ALOAD pcHeap: constraint # = 2
savedInstanceState = 0 &&
savedInstanceState != -1
New sym int et[-1] min=-2147483648, max=2147483647
string analysis: SPC # = 0
NPC constraint # = 0
Property Violated: PC is constraint # = 0
Property Violated: result is  "java.lang.NullPointerException: Calling 'getText()Ljava/lang/Object;' on null object..."
****************************

====================================================== error 3
gov.nasa.jpf.vm.NoUncaughtExceptionsProperty
java.lang.NullPointerException: Calling 'getText()Ljava/lang/Object;' on null object
	at com.example.lab.testak_textinput.MainActivity.onCreate(MainActivity.java:25)
	at com.example.lab.testak_textinput.dummyMain.main(dummyMain.java:9)


====================================================== snapshot #3
thread java.lang.Thread:{id:0,name:main,status:RUNNING,priority:5,isDaemon:false,lockCount:0,suspendCount:0}
  call stack:
	at com.example.lab.testak_textinput.MainActivity.onCreate(MainActivity.java:25)
	at com.example.lab.testak_textinput.dummyMain.main(dummyMain.java:9)

New sym int et[379] min=-2147483648, max=2147483647
New sym int et[379].content.length min=-2147483648, max=2147483647
string analysis: SPC # = 0
NPC constraint # = 0
*************Summary***************
PC is:constraint # = 0
New sym int CharAt(0)_1_ min=0, max=65535
numeric PC: constraint # = 1
CharAt(0)_1_ = 97 -> true

### PCs: total:3 sat:3 unsat:0

string analysis: SPC # = 0
NPC constraint # = 1
CharAt(0)_1_ = 97
numeric PC: constraint # = 1
CharAt(0)_1_ != 97 -> true

### PCs: total:4 sat:4 unsat:0

string analysis: SPC # = 0
NPC constraint # = 1
CharAt(0)_1_ != 97
numeric PC: constraint # = 1
CharAt(0)_1_ != 97 -> true

string analysis: SPC # = 0
NPC constraint # = 1
CharAt(0)_1_ != 97
Property Violated: PC is constraint # = 1
CharAt(0)_1_ != 97
Property Violated: result is  "java.lang.AssertionError..."
****************************

====================================================== error 4
gov.nasa.jpf.vm.NoUncaughtExceptionsProperty
java.lang.AssertionError
	at com.example.lab.testak_textinput.MainActivity$2.onClick(MainActivity.java:43)
	at com.example.lab.testak_textinput.dummyMain.main(dummyMain.java:11)


====================================================== snapshot #4
thread java.lang.Thread:{id:0,name:main,status:RUNNING,priority:5,isDaemon:false,lockCount:0,suspendCount:0}
  call stack:
	at com.example.lab.testak_textinput.MainActivity$2.onClick(MainActivity.java:43)
	at com.example.lab.testak_textinput.dummyMain.main(dummyMain.java:11)


====================================================== Method Summaries
Inputs: savedInstanceState

com.example.lab.testak_textinput.MainActivity.onCreate(0(don't care))  --> "java.lang.NullPointerException: Calling 'getText()Ljava/lang/Object;' on null object..."
com.example.lab.testak_textinput.MainActivity.onCreate(0(don't care))  --> "java.lang.AssertionError..."

====================================================== Method Summaries (HTML)
<h1>Test Cases Generated by Symbolic JavaPath Finder for com.example.lab.testak_textinput.MainActivity.onCreate (Path Coverage) </h1>
<table border=1>
<tr><td>savedInstanceState</td><td>RETURN</td></tr>
<tr><td>0(don't care)</td><td>"java.lang.NullPointerException: Calling 'getText()Ljava/lang/Object;' on null object..."</td></tr>
<tr><td>0(don't care)</td><td>"java.lang.AssertionError..."</td></tr>
</table>

====================================================== results
error #1: gov.nasa.jpf.vm.NoUncaughtExceptionsProperty "java.lang.NullPointerException: Calling 'getText()..."
error #2: gov.nasa.jpf.vm.NoUncaughtExceptionsProperty "java.lang.AssertionError  at com.example.lab.testa..."
error #3: gov.nasa.jpf.vm.NoUncaughtExceptionsProperty "java.lang.NullPointerException: Calling 'getText()..."
error #4: gov.nasa.jpf.vm.NoUncaughtExceptionsProperty "java.lang.AssertionError  at com.example.lab.testa..."

====================================================== statistics
elapsed time:       00:00:00
states:             new=16,visited=0,backtracked=16,end=2
search:             maxDepth=6,constraints=0
choice generators:  thread=1 (signal=0,lock=1,sharedRef=0,threadApi=0,reschedule=0), data=10
heap:               new=503,released=36,maxLive=396,gcCycles=9
instructions:       3642
max memory:         121MB
loaded code:        classes=82,methods=1495

====================================================== search finished: 9/20/17 4:06 PM
