Running Symbolic PathFinder ...
symbolic.dp=choco
symbolic.string_dp_timeout_ms=0
symbolic.string_dp=none
symbolic.concolic=true
symbolic.choco_time_bound=30000
symbolic.max_pc_length=2147483647
symbolic.max_pc_msec=0
symbolic.bvlength=32
symbolic.min_int=-2147483648
symbolic.min_long=-9223372036854775808
symbolic.min_short=-32768
symbolic.min_byte=-128
symbolic.min_char=0
symbolic.max_int=2147483647
symbolic.max_long=9223372036854775807
symbolic.max_short=32767
symbolic.max_byte=127
symbolic.max_char=65535
symbolic.min_double=4.9E-324
symbolic.max_double=1.7976931348623157E308
JavaPathfinder core system v8.0 (rev 32+) - (C) 2005-2014 United States Government. All rights reserved.


====================================================== system under test
com.example.mahmoud.testak.dummyMain.main()

====================================================== search started: 9/20/17 4:06 PM
--------->property violated

====================================================== error 1
gov.nasa.jpf.vm.NoUncaughtExceptionsProperty
java.lang.Error: Unresolved compilation problem: 
	String cannot be resolved to a type

	at com.example.mahmoud.testak.dummyMain.main(dummyMain.java:7)


====================================================== snapshot #1
thread java.lang.Thread:{id:0,name:main,status:RUNNING,priority:5,isDaemon:false,lockCount:0,suspendCount:0}
  call stack:
	at com.example.mahmoud.testak.dummyMain.main(dummyMain.java:7)


====================================================== Method Sequences

====================================================== JUnit 4.0 test class
import static org.junit.Assert.*;
import org.junit.Before;
import org.junit.Test;

public class Test {

	private  ;

	@Before
	public void setUp() throws Exception {
		 = new ();
	}
}

====================================================== Method Summaries

====================================================== Method Summaries (HTML)

====================================================== results
error #1: gov.nasa.jpf.vm.NoUncaughtExceptionsProperty "java.lang.Error: Unresolved compilation problem:  ..."

====================================================== statistics
elapsed time:       00:00:00
states:             new=1,visited=0,backtracked=1,end=0
search:             maxDepth=1,constraints=0
choice generators:  thread=1 (signal=0,lock=1,sharedRef=0,threadApi=0,reschedule=0), data=0
heap:               new=361,released=0,maxLive=0,gcCycles=0
instructions:       3131
max memory:         121MB
loaded code:        classes=63,methods=1310

====================================================== search finished: 9/20/17 4:06 PM
